[0.716s] DEBUG:colcon:Command line arguments: ['/usr/bin/colcon', 'build']
[0.716s] DEBUG:colcon:Parsed command line arguments: Namespace(log_base=None, log_level=None, verb_name='build', build_base='build', install_base='install', merge_install=False, symlink_install=False, test_result_base=None, continue_on_error=False, executor='parallel', parallel_workers=2, event_handlers=None, ignore_user_meta=False, metas=['./colcon.meta'], base_paths=['.'], packages_ignore=None, packages_ignore_regex=None, paths=None, packages_up_to=None, packages_up_to_regex=None, packages_above=None, packages_above_and_dependencies=None, packages_above_depth=None, packages_select_by_dep=None, packages_skip_by_dep=None, packages_skip_up_to=None, packages_select_build_failed=False, packages_skip_build_finished=False, packages_select_test_failures=False, packages_skip_test_passed=False, packages_select=None, packages_skip=None, packages_select_regex=None, packages_skip_regex=None, packages_start=None, packages_end=None, allow_overriding=[], cmake_args=None, cmake_target=None, cmake_target_skip_unavailable=False, cmake_clean_cache=False, cmake_clean_first=False, cmake_force_configure=False, ament_cmake_args=None, catkin_cmake_args=None, catkin_skip_building_tests=False, mixin_files=None, mixin=None, verb_parser=<colcon_mixin.mixin.mixin_argument.MixinArgumentDecorator object at 0x7f401a494d90>, verb_extension=<colcon_core.verb.build.BuildVerb object at 0x7f401ab17820>, main=<bound method BuildVerb.main of <colcon_core.verb.build.BuildVerb object at 0x7f401ab17820>>, mixin_verb=('build',))
[0.781s] Level 1:colcon.colcon_core.package_discovery:discover_packages(colcon_meta) check parameters
[0.782s] Level 1:colcon.colcon_core.package_discovery:discover_packages(recursive) check parameters
[0.782s] Level 1:colcon.colcon_core.package_discovery:discover_packages(ignore) check parameters
[0.782s] Level 1:colcon.colcon_core.package_discovery:discover_packages(path) check parameters
[0.782s] Level 1:colcon.colcon_core.package_discovery:discover_packages(colcon_meta) discover
[0.782s] Level 1:colcon.colcon_core.package_discovery:discover_packages(recursive) discover
[0.782s] INFO:colcon.colcon_core.package_discovery:Crawling recursively for packages in '/home/jcgg/Documents/Vision/mi_robot_vision'
[0.782s] Level 1:colcon.colcon_core.package_identification:_identify(.) by extensions ['ignore', 'ignore_ament_install']
[0.782s] Level 1:colcon.colcon_core.package_identification:_identify(.) by extension 'ignore'
[0.782s] Level 1:colcon.colcon_core.package_identification:_identify(.) by extension 'ignore_ament_install'
[0.782s] Level 1:colcon.colcon_core.package_identification:_identify(.) by extensions ['colcon_pkg']
[0.782s] Level 1:colcon.colcon_core.package_identification:_identify(.) by extension 'colcon_pkg'
[0.782s] Level 1:colcon.colcon_core.package_identification:_identify(.) by extensions ['colcon_meta']
[0.783s] Level 1:colcon.colcon_core.package_identification:_identify(.) by extension 'colcon_meta'
[0.783s] Level 1:colcon.colcon_core.package_identification:_identify(.) by extensions ['ros']
[0.783s] Level 1:colcon.colcon_core.package_identification:_identify(.) by extension 'ros'
[0.811s] DEBUG:colcon.colcon_core.package_identification:Package '.' with type 'ros.ament_python' and name 'mi_robot_vision'
[0.811s] Level 1:colcon.colcon_core.package_discovery:discover_packages(recursive) using defaults
[0.811s] Level 1:colcon.colcon_core.package_discovery:discover_packages(ignore) discover
[0.812s] Level 1:colcon.colcon_core.package_discovery:discover_packages(ignore) using defaults
[0.812s] Level 1:colcon.colcon_core.package_discovery:discover_packages(path) discover
[0.812s] Level 1:colcon.colcon_core.package_discovery:discover_packages(path) using defaults
[0.855s] Level 1:colcon.colcon_core.package_discovery:discover_packages(prefix_path) check parameters
[0.855s] Level 1:colcon.colcon_core.package_discovery:discover_packages(prefix_path) discover
[0.867s] DEBUG:colcon.colcon_installed_package_information.package_discovery:Found 1 installed packages in /home/jcgg/Documents/Vision/mi_robot_vision/install
[0.871s] DEBUG:colcon.colcon_installed_package_information.package_discovery:Found 55 installed packages in /home/jcgg/ws_moveit2/install
[0.874s] DEBUG:colcon.colcon_installed_package_information.package_discovery:Found 316 installed packages in /opt/ros/humble
[0.876s] Level 1:colcon.colcon_core.package_discovery:discover_packages(prefix_path) using defaults
[0.991s] Level 5:colcon.colcon_core.verb:set package 'mi_robot_vision' build argument 'cmake_args' from command line to 'None'
[0.991s] Level 5:colcon.colcon_core.verb:set package 'mi_robot_vision' build argument 'cmake_target' from command line to 'None'
[0.992s] Level 5:colcon.colcon_core.verb:set package 'mi_robot_vision' build argument 'cmake_target_skip_unavailable' from command line to 'False'
[0.992s] Level 5:colcon.colcon_core.verb:set package 'mi_robot_vision' build argument 'cmake_clean_cache' from command line to 'False'
[0.992s] Level 5:colcon.colcon_core.verb:set package 'mi_robot_vision' build argument 'cmake_clean_first' from command line to 'False'
[0.992s] Level 5:colcon.colcon_core.verb:set package 'mi_robot_vision' build argument 'cmake_force_configure' from command line to 'False'
[0.992s] Level 5:colcon.colcon_core.verb:set package 'mi_robot_vision' build argument 'ament_cmake_args' from command line to 'None'
[0.992s] Level 5:colcon.colcon_core.verb:set package 'mi_robot_vision' build argument 'catkin_cmake_args' from command line to 'None'
[0.992s] Level 5:colcon.colcon_core.verb:set package 'mi_robot_vision' build argument 'catkin_skip_building_tests' from command line to 'False'
[0.992s] DEBUG:colcon.colcon_core.verb:Building package 'mi_robot_vision' with the following arguments: {'ament_cmake_args': None, 'build_base': '/home/jcgg/Documents/Vision/mi_robot_vision/build/mi_robot_vision', 'catkin_cmake_args': None, 'catkin_skip_building_tests': False, 'cmake_args': None, 'cmake_clean_cache': False, 'cmake_clean_first': False, 'cmake_force_configure': False, 'cmake_target': None, 'cmake_target_skip_unavailable': False, 'install_base': '/home/jcgg/Documents/Vision/mi_robot_vision/install/mi_robot_vision', 'merge_install': False, 'path': '/home/jcgg/Documents/Vision/mi_robot_vision', 'symlink_install': False, 'test_result_base': None}
[0.994s] INFO:colcon.colcon_core.executor:Executing jobs using 'parallel' executor
[1.000s] DEBUG:colcon.colcon_parallel_executor.executor.parallel:run_until_complete
[1.000s] INFO:colcon.colcon_ros.task.ament_python.build:Building ROS package in '/home/jcgg/Documents/Vision/mi_robot_vision' with build type 'ament_python'
[1.001s] Level 1:colcon.colcon_core.shell:create_environment_hook('mi_robot_vision', 'ament_prefix_path')
[1.009s] INFO:colcon.colcon_core.plugin_system:Skipping extension 'colcon_core.shell.bat': Not used on non-Windows systems
[1.010s] INFO:colcon.colcon_core.shell:Creating environment hook '/home/jcgg/Documents/Vision/mi_robot_vision/install/mi_robot_vision/share/mi_robot_vision/hook/ament_prefix_path.ps1'
[1.014s] INFO:colcon.colcon_core.shell:Creating environment descriptor '/home/jcgg/Documents/Vision/mi_robot_vision/install/mi_robot_vision/share/mi_robot_vision/hook/ament_prefix_path.dsv'
[1.015s] INFO:colcon.colcon_core.shell:Creating environment hook '/home/jcgg/Documents/Vision/mi_robot_vision/install/mi_robot_vision/share/mi_robot_vision/hook/ament_prefix_path.sh'
[1.019s] INFO:colcon.colcon_core.shell:Skip shell extension 'powershell' for command environment: Not usable outside of PowerShell
[1.019s] DEBUG:colcon.colcon_core.shell:Skip shell extension 'dsv' for command environment
[1.530s] INFO:colcon.colcon_core.task.python.build:Building Python package in '/home/jcgg/Documents/Vision/mi_robot_vision'
[1.533s] INFO:colcon.colcon_core.shell:Skip shell extension 'powershell' for command environment: Not usable outside of PowerShell
[1.533s] DEBUG:colcon.colcon_core.shell:Skip shell extension 'dsv' for command environment
[2.519s] DEBUG:colcon.colcon_core.event_handler.log_command:Invoking command in '/home/jcgg/Documents/Vision/mi_robot_vision': PYTHONPATH=/home/jcgg/Documents/Vision/mi_robot_vision/build/mi_robot_vision/prefix_override:/home/jcgg/Documents/Vision/mi_robot_vision/install/mi_robot_vision/lib/python3.10/site-packages:${PYTHONPATH} /usr/bin/python3 setup.py egg_info --egg-base build/mi_robot_vision build --build-base /home/jcgg/Documents/Vision/mi_robot_vision/build/mi_robot_vision/build install --record /home/jcgg/Documents/Vision/mi_robot_vision/build/mi_robot_vision/install.log --single-version-externally-managed
[3.471s] DEBUG:colcon.colcon_core.event_handler.log_command:Invoked command in '/home/jcgg/Documents/Vision/mi_robot_vision' returned '0': PYTHONPATH=/home/jcgg/Documents/Vision/mi_robot_vision/build/mi_robot_vision/prefix_override:/home/jcgg/Documents/Vision/mi_robot_vision/install/mi_robot_vision/lib/python3.10/site-packages:${PYTHONPATH} /usr/bin/python3 setup.py egg_info --egg-base build/mi_robot_vision build --build-base /home/jcgg/Documents/Vision/mi_robot_vision/build/mi_robot_vision/build install --record /home/jcgg/Documents/Vision/mi_robot_vision/build/mi_robot_vision/install.log --single-version-externally-managed
[3.477s] Level 1:colcon.colcon_core.environment:checking '/home/jcgg/Documents/Vision/mi_robot_vision/install/mi_robot_vision' for CMake module files
[3.478s] Level 1:colcon.colcon_core.environment:checking '/home/jcgg/Documents/Vision/mi_robot_vision/install/mi_robot_vision' for CMake config files
[3.479s] Level 1:colcon.colcon_core.environment:checking '/home/jcgg/Documents/Vision/mi_robot_vision/install/mi_robot_vision/lib'
[3.480s] Level 1:colcon.colcon_core.environment:checking '/home/jcgg/Documents/Vision/mi_robot_vision/install/mi_robot_vision/bin'
[3.481s] Level 1:colcon.colcon_core.environment:checking '/home/jcgg/Documents/Vision/mi_robot_vision/install/mi_robot_vision/lib/pkgconfig/mi_robot_vision.pc'
[3.481s] Level 1:colcon.colcon_core.environment:checking '/home/jcgg/Documents/Vision/mi_robot_vision/install/mi_robot_vision/lib/python3.10/site-packages'
[3.481s] Level 1:colcon.colcon_core.shell:create_environment_hook('mi_robot_vision', 'pythonpath')
[3.484s] INFO:colcon.colcon_core.shell:Creating environment hook '/home/jcgg/Documents/Vision/mi_robot_vision/install/mi_robot_vision/share/mi_robot_vision/hook/pythonpath.ps1'
[3.486s] INFO:colcon.colcon_core.shell:Creating environment descriptor '/home/jcgg/Documents/Vision/mi_robot_vision/install/mi_robot_vision/share/mi_robot_vision/hook/pythonpath.dsv'
[3.488s] INFO:colcon.colcon_core.shell:Creating environment hook '/home/jcgg/Documents/Vision/mi_robot_vision/install/mi_robot_vision/share/mi_robot_vision/hook/pythonpath.sh'
[3.490s] Level 1:colcon.colcon_core.environment:checking '/home/jcgg/Documents/Vision/mi_robot_vision/install/mi_robot_vision/bin'
[3.491s] Level 1:colcon.colcon_core.environment:create_environment_scripts_only(mi_robot_vision)
[3.494s] INFO:colcon.colcon_core.shell:Creating package script '/home/jcgg/Documents/Vision/mi_robot_vision/install/mi_robot_vision/share/mi_robot_vision/package.ps1'
[3.496s] INFO:colcon.colcon_core.shell:Creating package descriptor '/home/jcgg/Documents/Vision/mi_robot_vision/install/mi_robot_vision/share/mi_robot_vision/package.dsv'
[3.498s] INFO:colcon.colcon_core.shell:Creating package script '/home/jcgg/Documents/Vision/mi_robot_vision/install/mi_robot_vision/share/mi_robot_vision/package.sh'
[3.500s] INFO:colcon.colcon_core.shell:Creating package script '/home/jcgg/Documents/Vision/mi_robot_vision/install/mi_robot_vision/share/mi_robot_vision/package.bash'
[3.503s] INFO:colcon.colcon_core.shell:Creating package script '/home/jcgg/Documents/Vision/mi_robot_vision/install/mi_robot_vision/share/mi_robot_vision/package.zsh'
[3.506s] Level 1:colcon.colcon_core.environment:create_file_with_runtime_dependencies(/home/jcgg/Documents/Vision/mi_robot_vision/install/mi_robot_vision/share/colcon-core/packages/mi_robot_vision)
[3.507s] DEBUG:colcon.colcon_parallel_executor.executor.parallel:closing loop
[3.524s] DEBUG:colcon.colcon_parallel_executor.executor.parallel:loop closed
[3.524s] DEBUG:colcon.colcon_parallel_executor.executor.parallel:run_until_complete finished with '0'
[3.525s] DEBUG:colcon.colcon_core.event_reactor:joining thread
[3.552s] INFO:colcon.colcon_core.plugin_system:Skipping extension 'colcon_notification.desktop_notification.terminal_notifier': Not used on non-Darwin systems
[3.553s] INFO:colcon.colcon_core.plugin_system:Skipping extension 'colcon_notification.desktop_notification.win32': Not used on non-Windows systems
[3.553s] INFO:colcon.colcon_notification.desktop_notification:Sending desktop notification using 'notify2'
[3.614s] DEBUG:colcon.colcon_core.event_reactor:joined thread
[3.618s] INFO:colcon.colcon_core.shell:Creating prefix script '/home/jcgg/Documents/Vision/mi_robot_vision/install/local_setup.ps1'
[3.623s] INFO:colcon.colcon_core.shell:Creating prefix util module '/home/jcgg/Documents/Vision/mi_robot_vision/install/_local_setup_util_ps1.py'
[3.630s] INFO:colcon.colcon_core.shell:Creating prefix chain script '/home/jcgg/Documents/Vision/mi_robot_vision/install/setup.ps1'
[3.651s] INFO:colcon.colcon_core.shell:Creating prefix script '/home/jcgg/Documents/Vision/mi_robot_vision/install/local_setup.sh'
[3.654s] INFO:colcon.colcon_core.shell:Creating prefix util module '/home/jcgg/Documents/Vision/mi_robot_vision/install/_local_setup_util_sh.py'
[3.656s] INFO:colcon.colcon_core.shell:Creating prefix chain script '/home/jcgg/Documents/Vision/mi_robot_vision/install/setup.sh'
[3.666s] INFO:colcon.colcon_core.shell:Creating prefix script '/home/jcgg/Documents/Vision/mi_robot_vision/install/local_setup.bash'
[3.668s] INFO:colcon.colcon_core.shell:Creating prefix chain script '/home/jcgg/Documents/Vision/mi_robot_vision/install/setup.bash'
[3.678s] INFO:colcon.colcon_core.shell:Creating prefix script '/home/jcgg/Documents/Vision/mi_robot_vision/install/local_setup.zsh'
[3.679s] INFO:colcon.colcon_core.shell:Creating prefix chain script '/home/jcgg/Documents/Vision/mi_robot_vision/install/setup.zsh'
