/home/jcgg/Documents/Vision/mi_robot_vision/install/mi_robot_vision/lib/python3.10/site-packages/mi_robot_vision/word.py
/home/jcgg/Documents/Vision/mi_robot_vision/install/mi_robot_vision/lib/python3.10/site-packages/mi_robot_vision/analisis_imagen.py
/home/jcgg/Documents/Vision/mi_robot_vision/install/mi_robot_vision/lib/python3.10/site-packages/mi_robot_vision/tomarFoto.py
/home/jcgg/Documents/Vision/mi_robot_vision/install/mi_robot_vision/lib/python3.10/site-packages/mi_robot_vision/perception_test.py
/home/jcgg/Documents/Vision/mi_robot_vision/install/mi_robot_vision/lib/python3.10/site-packages/mi_robot_vision/color.py
/home/jcgg/Documents/Vision/mi_robot_vision/install/mi_robot_vision/lib/python3.10/site-packages/mi_robot_vision/figure.py
/home/jcgg/Documents/Vision/mi_robot_vision/install/mi_robot_vision/lib/python3.10/site-packages/mi_robot_vision/camera_streaming.py
/home/jcgg/Documents/Vision/mi_robot_vision/install/mi_robot_vision/lib/python3.10/site-packages/mi_robot_vision/__init__.py
/home/jcgg/Documents/Vision/mi_robot_vision/install/mi_robot_vision/lib/python3.10/site-packages/mi_robot_vision/__pycache__/word.cpython-310.pyc
/home/jcgg/Documents/Vision/mi_robot_vision/install/mi_robot_vision/lib/python3.10/site-packages/mi_robot_vision/__pycache__/analisis_imagen.cpython-310.pyc
/home/jcgg/Documents/Vision/mi_robot_vision/install/mi_robot_vision/lib/python3.10/site-packages/mi_robot_vision/__pycache__/tomarFoto.cpython-310.pyc
/home/jcgg/Documents/Vision/mi_robot_vision/install/mi_robot_vision/lib/python3.10/site-packages/mi_robot_vision/__pycache__/perception_test.cpython-310.pyc
/home/jcgg/Documents/Vision/mi_robot_vision/install/mi_robot_vision/lib/python3.10/site-packages/mi_robot_vision/__pycache__/color.cpython-310.pyc
/home/jcgg/Documents/Vision/mi_robot_vision/install/mi_robot_vision/lib/python3.10/site-packages/mi_robot_vision/__pycache__/figure.cpython-310.pyc
/home/jcgg/Documents/Vision/mi_robot_vision/install/mi_robot_vision/lib/python3.10/site-packages/mi_robot_vision/__pycache__/camera_streaming.cpython-310.pyc
/home/jcgg/Documents/Vision/mi_robot_vision/install/mi_robot_vision/lib/python3.10/site-packages/mi_robot_vision/__pycache__/__init__.cpython-310.pyc
/home/jcgg/Documents/Vision/mi_robot_vision/install/mi_robot_vision/share/ament_index/resource_index/packages/mi_robot_vision
/home/jcgg/Documents/Vision/mi_robot_vision/install/mi_robot_vision/share/mi_robot_vision/package.xml
/home/jcgg/Documents/Vision/mi_robot_vision/install/mi_robot_vision/lib/python3.10/site-packages/mi_robot_vision-0.0.0-py3.10.egg-info/entry_points.txt
/home/jcgg/Documents/Vision/mi_robot_vision/install/mi_robot_vision/lib/python3.10/site-packages/mi_robot_vision-0.0.0-py3.10.egg-info/top_level.txt
/home/jcgg/Documents/Vision/mi_robot_vision/install/mi_robot_vision/lib/python3.10/site-packages/mi_robot_vision-0.0.0-py3.10.egg-info/requires.txt
/home/jcgg/Documents/Vision/mi_robot_vision/install/mi_robot_vision/lib/python3.10/site-packages/mi_robot_vision-0.0.0-py3.10.egg-info/zip-safe
/home/jcgg/Documents/Vision/mi_robot_vision/install/mi_robot_vision/lib/python3.10/site-packages/mi_robot_vision-0.0.0-py3.10.egg-info/SOURCES.txt
/home/jcgg/Documents/Vision/mi_robot_vision/install/mi_robot_vision/lib/python3.10/site-packages/mi_robot_vision-0.0.0-py3.10.egg-info/PKG-INFO
/home/jcgg/Documents/Vision/mi_robot_vision/install/mi_robot_vision/lib/python3.10/site-packages/mi_robot_vision-0.0.0-py3.10.egg-info/dependency_links.txt
/home/jcgg/Documents/Vision/mi_robot_vision/install/mi_robot_vision/lib/mi_robot_vision/analisis_imagen
/home/jcgg/Documents/Vision/mi_robot_vision/install/mi_robot_vision/lib/mi_robot_vision/perception_test
/home/jcgg/Documents/Vision/mi_robot_vision/install/mi_robot_vision/lib/mi_robot_vision/tomarFoto
