running egg_info
writing build/mi_robot_vision/mi_robot_vision.egg-info/PKG-INFO
writing dependency_links to build/mi_robot_vision/mi_robot_vision.egg-info/dependency_links.txt
writing entry points to build/mi_robot_vision/mi_robot_vision.egg-info/entry_points.txt
writing requirements to build/mi_robot_vision/mi_robot_vision.egg-info/requires.txt
writing top-level names to build/mi_robot_vision/mi_robot_vision.egg-info/top_level.txt
reading manifest file 'build/mi_robot_vision/mi_robot_vision.egg-info/SOURCES.txt'
writing manifest file 'build/mi_robot_vision/mi_robot_vision.egg-info/SOURCES.txt'
running build
running build_py
copying mi_robot_vision/analisis_imagen.py -> /home/jcgg/Documents/Vision/mi_robot_vision/build/mi_robot_vision/build/lib/mi_robot_vision
copying mi_robot_vision/tomarFoto.py -> /home/jcgg/Documents/Vision/mi_robot_vision/build/mi_robot_vision/build/lib/mi_robot_vision
running install
/usr/lib/python3/dist-packages/setuptools/command/install.py:34: SetuptoolsDeprecationWarning: setup.py install is deprecated. Use build and pip and other standards-based tools.
  warnings.warn(
running install_lib
copying /home/jcgg/Documents/Vision/mi_robot_vision/build/mi_robot_vision/build/lib/mi_robot_vision/analisis_imagen.py -> /home/jcgg/Documents/Vision/mi_robot_vision/install/mi_robot_vision/lib/python3.10/site-packages/mi_robot_vision
copying /home/jcgg/Documents/Vision/mi_robot_vision/build/mi_robot_vision/build/lib/mi_robot_vision/tomarFoto.py -> /home/jcgg/Documents/Vision/mi_robot_vision/install/mi_robot_vision/lib/python3.10/site-packages/mi_robot_vision
byte-compiling /home/jcgg/Documents/Vision/mi_robot_vision/install/mi_robot_vision/lib/python3.10/site-packages/mi_robot_vision/analisis_imagen.py to analisis_imagen.cpython-310.pyc
byte-compiling /home/jcgg/Documents/Vision/mi_robot_vision/install/mi_robot_vision/lib/python3.10/site-packages/mi_robot_vision/tomarFoto.py to tomarFoto.cpython-310.pyc
running install_data
running install_egg_info
removing '/home/jcgg/Documents/Vision/mi_robot_vision/install/mi_robot_vision/lib/python3.10/site-packages/mi_robot_vision-0.0.0-py3.10.egg-info' (and everything under it)
Copying build/mi_robot_vision/mi_robot_vision.egg-info to /home/jcgg/Documents/Vision/mi_robot_vision/install/mi_robot_vision/lib/python3.10/site-packages/mi_robot_vision-0.0.0-py3.10.egg-info
running install_scripts
Installing analisis_imagen script to /home/jcgg/Documents/Vision/mi_robot_vision/install/mi_robot_vision/lib/mi_robot_vision
Installing perception_test script to /home/jcgg/Documents/Vision/mi_robot_vision/install/mi_robot_vision/lib/mi_robot_vision
Installing tomarFoto script to /home/jcgg/Documents/Vision/mi_robot_vision/install/mi_robot_vision/lib/mi_robot_vision
writing list of installed files to '/home/jcgg/Documents/Vision/mi_robot_vision/build/mi_robot_vision/install.log'
