[1.519s] Invoking command in '/home/jcgg/Documents/Vision/mi_robot_vision': PYTHONPATH=/home/jcgg/Documents/Vision/mi_robot_vision/build/mi_robot_vision/prefix_override:/home/jcgg/Documents/Vision/mi_robot_vision/install/mi_robot_vision/lib/python3.10/site-packages:${PYTHONPATH} /usr/bin/python3 setup.py egg_info --egg-base build/mi_robot_vision build --build-base /home/jcgg/Documents/Vision/mi_robot_vision/build/mi_robot_vision/build install --record /home/jcgg/Documents/Vision/mi_robot_vision/build/mi_robot_vision/install.log --single-version-externally-managed
[2.276s] running egg_info
[2.279s] writing build/mi_robot_vision/mi_robot_vision.egg-info/PKG-INFO
[2.283s] writing dependency_links to build/mi_robot_vision/mi_robot_vision.egg-info/dependency_links.txt
[2.284s] writing entry points to build/mi_robot_vision/mi_robot_vision.egg-info/entry_points.txt
[2.284s] writing requirements to build/mi_robot_vision/mi_robot_vision.egg-info/requires.txt
[2.286s] writing top-level names to build/mi_robot_vision/mi_robot_vision.egg-info/top_level.txt
[2.294s] reading manifest file 'build/mi_robot_vision/mi_robot_vision.egg-info/SOURCES.txt'
[2.298s] writing manifest file 'build/mi_robot_vision/mi_robot_vision.egg-info/SOURCES.txt'
[2.299s] running build
[2.300s] running build_py
[2.302s] copying mi_robot_vision/analisis_imagen.py -> /home/jcgg/Documents/Vision/mi_robot_vision/build/mi_robot_vision/build/lib/mi_robot_vision
[2.304s] copying mi_robot_vision/tomarFoto.py -> /home/jcgg/Documents/Vision/mi_robot_vision/build/mi_robot_vision/build/lib/mi_robot_vision
[2.307s] running install
[2.308s] /usr/lib/python3/dist-packages/setuptools/command/install.py:34: SetuptoolsDeprecationWarning: setup.py install is deprecated. Use build and pip and other standards-based tools.
[2.309s]   warnings.warn(
[2.311s] running install_lib
[2.314s] copying /home/jcgg/Documents/Vision/mi_robot_vision/build/mi_robot_vision/build/lib/mi_robot_vision/analisis_imagen.py -> /home/jcgg/Documents/Vision/mi_robot_vision/install/mi_robot_vision/lib/python3.10/site-packages/mi_robot_vision
[2.315s] copying /home/jcgg/Documents/Vision/mi_robot_vision/build/mi_robot_vision/build/lib/mi_robot_vision/tomarFoto.py -> /home/jcgg/Documents/Vision/mi_robot_vision/install/mi_robot_vision/lib/python3.10/site-packages/mi_robot_vision
[2.318s] byte-compiling /home/jcgg/Documents/Vision/mi_robot_vision/install/mi_robot_vision/lib/python3.10/site-packages/mi_robot_vision/analisis_imagen.py to analisis_imagen.cpython-310.pyc
[2.327s] byte-compiling /home/jcgg/Documents/Vision/mi_robot_vision/install/mi_robot_vision/lib/python3.10/site-packages/mi_robot_vision/tomarFoto.py to tomarFoto.cpython-310.pyc
[2.331s] running install_data
[2.333s] running install_egg_info
[2.338s] removing '/home/jcgg/Documents/Vision/mi_robot_vision/install/mi_robot_vision/lib/python3.10/site-packages/mi_robot_vision-0.0.0-py3.10.egg-info' (and everything under it)
[2.347s] Copying build/mi_robot_vision/mi_robot_vision.egg-info to /home/jcgg/Documents/Vision/mi_robot_vision/install/mi_robot_vision/lib/python3.10/site-packages/mi_robot_vision-0.0.0-py3.10.egg-info
[2.350s] running install_scripts
[2.405s] Installing analisis_imagen script to /home/jcgg/Documents/Vision/mi_robot_vision/install/mi_robot_vision/lib/mi_robot_vision
[2.407s] Installing perception_test script to /home/jcgg/Documents/Vision/mi_robot_vision/install/mi_robot_vision/lib/mi_robot_vision
[2.410s] Installing tomarFoto script to /home/jcgg/Documents/Vision/mi_robot_vision/install/mi_robot_vision/lib/mi_robot_vision
[2.416s] writing list of installed files to '/home/jcgg/Documents/Vision/mi_robot_vision/build/mi_robot_vision/install.log'
[2.470s] Invoked command in '/home/jcgg/Documents/Vision/mi_robot_vision' returned '0': PYTHONPATH=/home/jcgg/Documents/Vision/mi_robot_vision/build/mi_robot_vision/prefix_override:/home/jcgg/Documents/Vision/mi_robot_vision/install/mi_robot_vision/lib/python3.10/site-packages:${PYTHONPATH} /usr/bin/python3 setup.py egg_info --egg-base build/mi_robot_vision build --build-base /home/jcgg/Documents/Vision/mi_robot_vision/build/mi_robot_vision/build install --record /home/jcgg/Documents/Vision/mi_robot_vision/build/mi_robot_vision/install.log --single-version-externally-managed
