running egg_info
creating build/mi_robot_vision/mi_robot_vision.egg-info
writing build/mi_robot_vision/mi_robot_vision.egg-info/PKG-INFO
writing dependency_links to build/mi_robot_vision/mi_robot_vision.egg-info/dependency_links.txt
writing entry points to build/mi_robot_vision/mi_robot_vision.egg-info/entry_points.txt
writing requirements to build/mi_robot_vision/mi_robot_vision.egg-info/requires.txt
writing top-level names to build/mi_robot_vision/mi_robot_vision.egg-info/top_level.txt
writing manifest file 'build/mi_robot_vision/mi_robot_vision.egg-info/SOURCES.txt'
reading manifest file 'build/mi_robot_vision/mi_robot_vision.egg-info/SOURCES.txt'
writing manifest file 'build/mi_robot_vision/mi_robot_vision.egg-info/SOURCES.txt'
running build
running build_py
creating /home/jcgg/Documents/Vision/mi_robot_vision/build/mi_robot_vision/build
creating /home/jcgg/Documents/Vision/mi_robot_vision/build/mi_robot_vision/build/lib
creating /home/jcgg/Documents/Vision/mi_robot_vision/build/mi_robot_vision/build/lib/mi_robot_vision
copying mi_robot_vision/word.py -> /home/jcgg/Documents/Vision/mi_robot_vision/build/mi_robot_vision/build/lib/mi_robot_vision
copying mi_robot_vision/analisis_imagen.py -> /home/jcgg/Documents/Vision/mi_robot_vision/build/mi_robot_vision/build/lib/mi_robot_vision
copying mi_robot_vision/tomarFoto.py -> /home/jcgg/Documents/Vision/mi_robot_vision/build/mi_robot_vision/build/lib/mi_robot_vision
copying mi_robot_vision/perception_test.py -> /home/jcgg/Documents/Vision/mi_robot_vision/build/mi_robot_vision/build/lib/mi_robot_vision
copying mi_robot_vision/color.py -> /home/jcgg/Documents/Vision/mi_robot_vision/build/mi_robot_vision/build/lib/mi_robot_vision
copying mi_robot_vision/figure.py -> /home/jcgg/Documents/Vision/mi_robot_vision/build/mi_robot_vision/build/lib/mi_robot_vision
copying mi_robot_vision/camera_streaming.py -> /home/jcgg/Documents/Vision/mi_robot_vision/build/mi_robot_vision/build/lib/mi_robot_vision
copying mi_robot_vision/__init__.py -> /home/jcgg/Documents/Vision/mi_robot_vision/build/mi_robot_vision/build/lib/mi_robot_vision
running install
/usr/lib/python3/dist-packages/setuptools/command/install.py:34: SetuptoolsDeprecationWarning: setup.py install is deprecated. Use build and pip and other standards-based tools.
  warnings.warn(
running install_lib
creating /home/jcgg/Documents/Vision/mi_robot_vision/install/mi_robot_vision/lib/python3.10/site-packages/mi_robot_vision
copying /home/jcgg/Documents/Vision/mi_robot_vision/build/mi_robot_vision/build/lib/mi_robot_vision/word.py -> /home/jcgg/Documents/Vision/mi_robot_vision/install/mi_robot_vision/lib/python3.10/site-packages/mi_robot_vision
copying /home/jcgg/Documents/Vision/mi_robot_vision/build/mi_robot_vision/build/lib/mi_robot_vision/analisis_imagen.py -> /home/jcgg/Documents/Vision/mi_robot_vision/install/mi_robot_vision/lib/python3.10/site-packages/mi_robot_vision
copying /home/jcgg/Documents/Vision/mi_robot_vision/build/mi_robot_vision/build/lib/mi_robot_vision/tomarFoto.py -> /home/jcgg/Documents/Vision/mi_robot_vision/install/mi_robot_vision/lib/python3.10/site-packages/mi_robot_vision
copying /home/jcgg/Documents/Vision/mi_robot_vision/build/mi_robot_vision/build/lib/mi_robot_vision/perception_test.py -> /home/jcgg/Documents/Vision/mi_robot_vision/install/mi_robot_vision/lib/python3.10/site-packages/mi_robot_vision
copying /home/jcgg/Documents/Vision/mi_robot_vision/build/mi_robot_vision/build/lib/mi_robot_vision/color.py -> /home/jcgg/Documents/Vision/mi_robot_vision/install/mi_robot_vision/lib/python3.10/site-packages/mi_robot_vision
copying /home/jcgg/Documents/Vision/mi_robot_vision/build/mi_robot_vision/build/lib/mi_robot_vision/figure.py -> /home/jcgg/Documents/Vision/mi_robot_vision/install/mi_robot_vision/lib/python3.10/site-packages/mi_robot_vision
copying /home/jcgg/Documents/Vision/mi_robot_vision/build/mi_robot_vision/build/lib/mi_robot_vision/camera_streaming.py -> /home/jcgg/Documents/Vision/mi_robot_vision/install/mi_robot_vision/lib/python3.10/site-packages/mi_robot_vision
copying /home/jcgg/Documents/Vision/mi_robot_vision/build/mi_robot_vision/build/lib/mi_robot_vision/__init__.py -> /home/jcgg/Documents/Vision/mi_robot_vision/install/mi_robot_vision/lib/python3.10/site-packages/mi_robot_vision
byte-compiling /home/jcgg/Documents/Vision/mi_robot_vision/install/mi_robot_vision/lib/python3.10/site-packages/mi_robot_vision/word.py to word.cpython-310.pyc
byte-compiling /home/jcgg/Documents/Vision/mi_robot_vision/install/mi_robot_vision/lib/python3.10/site-packages/mi_robot_vision/analisis_imagen.py to analisis_imagen.cpython-310.pyc
byte-compiling /home/jcgg/Documents/Vision/mi_robot_vision/install/mi_robot_vision/lib/python3.10/site-packages/mi_robot_vision/tomarFoto.py to tomarFoto.cpython-310.pyc
byte-compiling /home/jcgg/Documents/Vision/mi_robot_vision/install/mi_robot_vision/lib/python3.10/site-packages/mi_robot_vision/perception_test.py to perception_test.cpython-310.pyc
byte-compiling /home/jcgg/Documents/Vision/mi_robot_vision/install/mi_robot_vision/lib/python3.10/site-packages/mi_robot_vision/color.py to color.cpython-310.pyc
byte-compiling /home/jcgg/Documents/Vision/mi_robot_vision/install/mi_robot_vision/lib/python3.10/site-packages/mi_robot_vision/figure.py to figure.cpython-310.pyc
byte-compiling /home/jcgg/Documents/Vision/mi_robot_vision/install/mi_robot_vision/lib/python3.10/site-packages/mi_robot_vision/camera_streaming.py to camera_streaming.cpython-310.pyc
byte-compiling /home/jcgg/Documents/Vision/mi_robot_vision/install/mi_robot_vision/lib/python3.10/site-packages/mi_robot_vision/__init__.py to __init__.cpython-310.pyc
running install_data
creating /home/jcgg/Documents/Vision/mi_robot_vision/install/mi_robot_vision/share/ament_index
creating /home/jcgg/Documents/Vision/mi_robot_vision/install/mi_robot_vision/share/ament_index/resource_index
creating /home/jcgg/Documents/Vision/mi_robot_vision/install/mi_robot_vision/share/ament_index/resource_index/packages
copying resource/mi_robot_vision -> /home/jcgg/Documents/Vision/mi_robot_vision/install/mi_robot_vision/share/ament_index/resource_index/packages
copying package.xml -> /home/jcgg/Documents/Vision/mi_robot_vision/install/mi_robot_vision/share/mi_robot_vision
running install_egg_info
Copying build/mi_robot_vision/mi_robot_vision.egg-info to /home/jcgg/Documents/Vision/mi_robot_vision/install/mi_robot_vision/lib/python3.10/site-packages/mi_robot_vision-0.0.0-py3.10.egg-info
running install_scripts
Installing analisis_imagen script to /home/jcgg/Documents/Vision/mi_robot_vision/install/mi_robot_vision/lib/mi_robot_vision
Installing perception_test script to /home/jcgg/Documents/Vision/mi_robot_vision/install/mi_robot_vision/lib/mi_robot_vision
Installing tomarFoto script to /home/jcgg/Documents/Vision/mi_robot_vision/install/mi_robot_vision/lib/mi_robot_vision
writing list of installed files to '/home/jcgg/Documents/Vision/mi_robot_vision/build/mi_robot_vision/install.log'
