[1.764s] Invoking command in '/home/jcgg/Documents/Vision/mi_robot_vision': PYTHONPATH=/home/jcgg/Documents/Vision/mi_robot_vision/build/mi_robot_vision/prefix_override:/home/jcgg/Documents/Vision/mi_robot_vision/install/mi_robot_vision/lib/python3.10/site-packages:${PYTHONPATH} /usr/bin/python3 setup.py egg_info --egg-base build/mi_robot_vision build --build-base /home/jcgg/Documents/Vision/mi_robot_vision/build/mi_robot_vision/build install --record /home/jcgg/Documents/Vision/mi_robot_vision/build/mi_robot_vision/install.log --single-version-externally-managed
[2.092s] running egg_info
[2.093s] creating build/mi_robot_vision/mi_robot_vision.egg-info
[2.093s] writing build/mi_robot_vision/mi_robot_vision.egg-info/PKG-INFO
[2.094s] writing dependency_links to build/mi_robot_vision/mi_robot_vision.egg-info/dependency_links.txt
[2.094s] writing entry points to build/mi_robot_vision/mi_robot_vision.egg-info/entry_points.txt
[2.095s] writing requirements to build/mi_robot_vision/mi_robot_vision.egg-info/requires.txt
[2.095s] writing top-level names to build/mi_robot_vision/mi_robot_vision.egg-info/top_level.txt
[2.095s] writing manifest file 'build/mi_robot_vision/mi_robot_vision.egg-info/SOURCES.txt'
[2.098s] reading manifest file 'build/mi_robot_vision/mi_robot_vision.egg-info/SOURCES.txt'
[2.101s] writing manifest file 'build/mi_robot_vision/mi_robot_vision.egg-info/SOURCES.txt'
[2.101s] running build
[2.101s] running build_py
[2.102s] creating /home/jcgg/Documents/Vision/mi_robot_vision/build/mi_robot_vision/build
[2.102s] creating /home/jcgg/Documents/Vision/mi_robot_vision/build/mi_robot_vision/build/lib
[2.102s] creating /home/jcgg/Documents/Vision/mi_robot_vision/build/mi_robot_vision/build/lib/mi_robot_vision
[2.102s] copying mi_robot_vision/word.py -> /home/jcgg/Documents/Vision/mi_robot_vision/build/mi_robot_vision/build/lib/mi_robot_vision
[2.103s] copying mi_robot_vision/analisis_imagen.py -> /home/jcgg/Documents/Vision/mi_robot_vision/build/mi_robot_vision/build/lib/mi_robot_vision
[2.103s] copying mi_robot_vision/tomarFoto.py -> /home/jcgg/Documents/Vision/mi_robot_vision/build/mi_robot_vision/build/lib/mi_robot_vision
[2.103s] copying mi_robot_vision/perception_test.py -> /home/jcgg/Documents/Vision/mi_robot_vision/build/mi_robot_vision/build/lib/mi_robot_vision
[2.104s] copying mi_robot_vision/color.py -> /home/jcgg/Documents/Vision/mi_robot_vision/build/mi_robot_vision/build/lib/mi_robot_vision
[2.104s] copying mi_robot_vision/figure.py -> /home/jcgg/Documents/Vision/mi_robot_vision/build/mi_robot_vision/build/lib/mi_robot_vision
[2.104s] copying mi_robot_vision/camera_streaming.py -> /home/jcgg/Documents/Vision/mi_robot_vision/build/mi_robot_vision/build/lib/mi_robot_vision
[2.104s] copying mi_robot_vision/__init__.py -> /home/jcgg/Documents/Vision/mi_robot_vision/build/mi_robot_vision/build/lib/mi_robot_vision
[2.111s] running install
[2.111s] /usr/lib/python3/dist-packages/setuptools/command/install.py:34: SetuptoolsDeprecationWarning: setup.py install is deprecated. Use build and pip and other standards-based tools.
[2.111s]   warnings.warn(
[2.111s] running install_lib
[2.112s] creating /home/jcgg/Documents/Vision/mi_robot_vision/install/mi_robot_vision/lib/python3.10/site-packages/mi_robot_vision
[2.113s] copying /home/jcgg/Documents/Vision/mi_robot_vision/build/mi_robot_vision/build/lib/mi_robot_vision/word.py -> /home/jcgg/Documents/Vision/mi_robot_vision/install/mi_robot_vision/lib/python3.10/site-packages/mi_robot_vision
[2.113s] copying /home/jcgg/Documents/Vision/mi_robot_vision/build/mi_robot_vision/build/lib/mi_robot_vision/analisis_imagen.py -> /home/jcgg/Documents/Vision/mi_robot_vision/install/mi_robot_vision/lib/python3.10/site-packages/mi_robot_vision
[2.113s] copying /home/jcgg/Documents/Vision/mi_robot_vision/build/mi_robot_vision/build/lib/mi_robot_vision/tomarFoto.py -> /home/jcgg/Documents/Vision/mi_robot_vision/install/mi_robot_vision/lib/python3.10/site-packages/mi_robot_vision
[2.113s] copying /home/jcgg/Documents/Vision/mi_robot_vision/build/mi_robot_vision/build/lib/mi_robot_vision/perception_test.py -> /home/jcgg/Documents/Vision/mi_robot_vision/install/mi_robot_vision/lib/python3.10/site-packages/mi_robot_vision
[2.114s] copying /home/jcgg/Documents/Vision/mi_robot_vision/build/mi_robot_vision/build/lib/mi_robot_vision/color.py -> /home/jcgg/Documents/Vision/mi_robot_vision/install/mi_robot_vision/lib/python3.10/site-packages/mi_robot_vision
[2.114s] copying /home/jcgg/Documents/Vision/mi_robot_vision/build/mi_robot_vision/build/lib/mi_robot_vision/figure.py -> /home/jcgg/Documents/Vision/mi_robot_vision/install/mi_robot_vision/lib/python3.10/site-packages/mi_robot_vision
[2.115s] copying /home/jcgg/Documents/Vision/mi_robot_vision/build/mi_robot_vision/build/lib/mi_robot_vision/camera_streaming.py -> /home/jcgg/Documents/Vision/mi_robot_vision/install/mi_robot_vision/lib/python3.10/site-packages/mi_robot_vision
[2.115s] copying /home/jcgg/Documents/Vision/mi_robot_vision/build/mi_robot_vision/build/lib/mi_robot_vision/__init__.py -> /home/jcgg/Documents/Vision/mi_robot_vision/install/mi_robot_vision/lib/python3.10/site-packages/mi_robot_vision
[2.116s] byte-compiling /home/jcgg/Documents/Vision/mi_robot_vision/install/mi_robot_vision/lib/python3.10/site-packages/mi_robot_vision/word.py to word.cpython-310.pyc
[2.116s] byte-compiling /home/jcgg/Documents/Vision/mi_robot_vision/install/mi_robot_vision/lib/python3.10/site-packages/mi_robot_vision/analisis_imagen.py to analisis_imagen.cpython-310.pyc
[2.119s] byte-compiling /home/jcgg/Documents/Vision/mi_robot_vision/install/mi_robot_vision/lib/python3.10/site-packages/mi_robot_vision/tomarFoto.py to tomarFoto.cpython-310.pyc
[2.119s] byte-compiling /home/jcgg/Documents/Vision/mi_robot_vision/install/mi_robot_vision/lib/python3.10/site-packages/mi_robot_vision/perception_test.py to perception_test.cpython-310.pyc
[2.120s] byte-compiling /home/jcgg/Documents/Vision/mi_robot_vision/install/mi_robot_vision/lib/python3.10/site-packages/mi_robot_vision/color.py to color.cpython-310.pyc
[2.121s] byte-compiling /home/jcgg/Documents/Vision/mi_robot_vision/install/mi_robot_vision/lib/python3.10/site-packages/mi_robot_vision/figure.py to figure.cpython-310.pyc
[2.122s] byte-compiling /home/jcgg/Documents/Vision/mi_robot_vision/install/mi_robot_vision/lib/python3.10/site-packages/mi_robot_vision/camera_streaming.py to camera_streaming.cpython-310.pyc
[2.123s] byte-compiling /home/jcgg/Documents/Vision/mi_robot_vision/install/mi_robot_vision/lib/python3.10/site-packages/mi_robot_vision/__init__.py to __init__.cpython-310.pyc
[2.123s] running install_data
[2.124s] creating /home/jcgg/Documents/Vision/mi_robot_vision/install/mi_robot_vision/share/ament_index
[2.124s] creating /home/jcgg/Documents/Vision/mi_robot_vision/install/mi_robot_vision/share/ament_index/resource_index
[2.125s] creating /home/jcgg/Documents/Vision/mi_robot_vision/install/mi_robot_vision/share/ament_index/resource_index/packages
[2.125s] copying resource/mi_robot_vision -> /home/jcgg/Documents/Vision/mi_robot_vision/install/mi_robot_vision/share/ament_index/resource_index/packages
[2.125s] copying package.xml -> /home/jcgg/Documents/Vision/mi_robot_vision/install/mi_robot_vision/share/mi_robot_vision
[2.125s] running install_egg_info
[2.127s] Copying build/mi_robot_vision/mi_robot_vision.egg-info to /home/jcgg/Documents/Vision/mi_robot_vision/install/mi_robot_vision/lib/python3.10/site-packages/mi_robot_vision-0.0.0-py3.10.egg-info
[2.130s] running install_scripts
[2.156s] Installing analisis_imagen script to /home/jcgg/Documents/Vision/mi_robot_vision/install/mi_robot_vision/lib/mi_robot_vision
[2.156s] Installing perception_test script to /home/jcgg/Documents/Vision/mi_robot_vision/install/mi_robot_vision/lib/mi_robot_vision
[2.157s] Installing tomarFoto script to /home/jcgg/Documents/Vision/mi_robot_vision/install/mi_robot_vision/lib/mi_robot_vision
[2.157s] writing list of installed files to '/home/jcgg/Documents/Vision/mi_robot_vision/build/mi_robot_vision/install.log'
[2.195s] Invoked command in '/home/jcgg/Documents/Vision/mi_robot_vision' returned '0': PYTHONPATH=/home/jcgg/Documents/Vision/mi_robot_vision/build/mi_robot_vision/prefix_override:/home/jcgg/Documents/Vision/mi_robot_vision/install/mi_robot_vision/lib/python3.10/site-packages:${PYTHONPATH} /usr/bin/python3 setup.py egg_info --egg-base build/mi_robot_vision build --build-base /home/jcgg/Documents/Vision/mi_robot_vision/build/mi_robot_vision/build install --record /home/jcgg/Documents/Vision/mi_robot_vision/build/mi_robot_vision/install.log --single-version-externally-managed
